
Showing logs for build [32mcb-kubecd-environment-pr-1305-4-7zmzq-1[0m stage [32mfrom-build-pack[0m and container [32mstep-credential-initializer-tqhk9[0m
{"level":"warn","ts":1584984044.794477,"logger":"fallback-logger","caller":"logging/config.go:69","msg":"Fetch GitHub commit ID from kodata failed: \"ref: refs/heads/0.8.0-**-support-backwards-incompats\" is not a valid GitHub commit ID"}
{"level":"info","ts":1584984044.7950256,"logger":"fallback-logger","caller":"creds-init/main.go:40","msg":"Credentials initialized."}

Showing logs for build [32mcb-kubecd-environment-pr-1305-4-7zmzq-1[0m stage [32mfrom-build-pack[0m and container [32mstep-working-dir-initializer-mf9qz[0m
{"level":"warn","ts":1584984045.7211835,"logger":"fallback-logger","caller":"logging/config.go:69","msg":"Fetch GitHub commit ID from kodata failed: open /var/run/ko/HEAD: no such file or directory"}
{"level":"info","ts":1584984045.7302105,"logger":"fallback-logger","caller":"bash/main.go:64","msg":"Successfully executed command \"sh -c mkdir -p /workspace/source\"; output "}

Showing logs for build [32mcb-kubecd-environment-pr-1305-4-7zmzq-1[0m stage [32mfrom-build-pack[0m and container [32mstep-place-tools[0m

Showing logs for build [32mcb-kubecd-environment-pr-1305-4-7zmzq-1[0m stage [32mfrom-build-pack[0m and container [32mstep-git-source-cb-kubecd-environment-pr-1305-4-7zmzq-cxl4v[0m
{"level":"warn","ts":1584984049.8540502,"logger":"fallback-logger","caller":"logging/config.go:69","msg":"Fetch GitHub commit ID from kodata failed: \"ref: refs/heads/0.8.0-**-support-backwards-incompats\" is not a valid GitHub commit ID"}
{"level":"info","ts":1584984050.8853965,"logger":"fallback-logger","caller":"git/git.go:103","msg":"Successfully cloned https://github.com/cb-kubecd/environment-pr-1305-4-bdd-frontend-staging.git @ master in path /workspace/source"}

Showing logs for build [32mcb-kubecd-environment-pr-1305-4-7zmzq-1[0m stage [32mfrom-build-pack[0m and container [32mstep-git-merge[0m
Using SHAs from PULL_REFS=master:d8fde7344a5ae5a8c2af67728cbdf9994f6c72eb,1:0ae2bccbbe3a7dd547acf8a6ccaffa2c0ec7b5c7
DEBUG: JX_LOG_LEVEL=error LC_ALL=C git fetch origin --unshallow 0ae2bccbbe3a7dd547acf8a6ccaffa2c0ec7b5c7: d8fde7344a5ae5a8c2af67728cbdf9994f6c72eb:
DEBUG: ran git fetch --unshallow origin 0ae2bccbbe3a7dd547acf8a6ccaffa2c0ec7b5c7: d8fde7344a5ae5a8c2af67728cbdf9994f6c72eb: in 
DEBUG: LC_ALL=C JX_LOG_LEVEL=error git branch
DEBUG: LC_ALL=C JX_LOG_LEVEL=error git checkout master
DEBUG: ran git checkout master in 
DEBUG: LC_ALL=C JX_LOG_LEVEL=error git reset --hard d8fde7344a5ae5a8c2af67728cbdf9994f6c72eb
DEBUG: ran git reset --hard d8fde7344a5ae5a8c2af67728cbdf9994f6c72eb in 
DEBUG: LC_ALL=C JX_LOG_LEVEL=error git clean -fd .
DEBUG: ran clean --force -d . in 
DEBUG: JX_LOG_LEVEL=error LC_ALL=C git merge 0ae2bccbbe3a7dd547acf8a6ccaffa2c0ec7b5c7
DEBUG: ran git merge 0ae2bccbbe3a7dd547acf8a6ccaffa2c0ec7b5c7 in 
DEBUG: LC_ALL=C JX_LOG_LEVEL=error git log --format=%H%x1f%an%x1f%ae%x1f%cn%x1f%ce%x1f%s%n%b%x1e d8fde7344a5ae5a8c2af67728cbdf9994f6c72eb..HEAD
Merged SHA 0ae2bccbbe3a7dd547acf8a6ccaffa2c0ec7b5c7 with commit message 'chore: Promote bdd-nh-1584983096 to version 0.0.1' into base branch master

Showing logs for build [32mcb-kubecd-environment-pr-1305-4-7zmzq-1[0m stage [32mfrom-build-pack[0m and container [32mstep-build-helm-build[0m
WARNING: No $CHART_REPOSITORY defined so using the default value of: http://jenkins-x-chartmuseum:8080
Adding missing Helm repo: storage.googleapis.com https://storage.googleapis.com/chartmuseum.jenkins-x.io
WARNING: No secrets found on "helm/repos" due: reading the secret "helm/repos" from vault: no secret "helm/repos" not found in vault
Read credentials for https://storage.googleapis.com/chartmuseum.jenkins-x.io from vault helm/repos
Successfully added Helm repository storage.googleapis.com.
Adding missing Helm repo: jenkins-x-chartmuseum http://jenkins-x-chartmuseum:8080
WARNING: No secrets found on "helm/repos" due: reading the secret "helm/repos" from vault: no secret "helm/repos" not found in vault
Read credentials for http://jenkins-x-chartmuseum:8080 from vault helm/repos
Successfully added Helm repository jenkins-x-chartmuseum.
WARNING: No $CHART_REPOSITORY defined so using the default value of: http://jenkins-x-chartmuseum:8080
Adding missing Helm repo: chartmuseum.jenkins-x.io http://chartmuseum.jenkins-x.io
WARNING: No secrets found on "helm/repos" due: reading the secret "helm/repos" from vault: no secret "helm/repos" not found in vault
Read credentials for http://chartmuseum.jenkins-x.io from vault helm/repos
Successfully added Helm repository chartmuseum.jenkins-x.io.
